<?xml version="1.0" encoding="UTF-8"?>
<testng-results ignored="0" total="1" passed="1" failed="0" skipped="0">
  <reporter-output>
  </reporter-output>
  <suite started-at="2024-04-16T08:57:38 IST" name="Suite" finished-at="2024-04-16T08:58:11 IST" duration-ms="32868">
    <groups>
    </groups>
    <test started-at="2024-04-16T08:57:38 IST" name="Test" finished-at="2024-04-16T08:58:11 IST" duration-ms="32868">
      <class name="com.shoppersstack_testScript.Verify_User_Is_Able_To_Delete_Address_Test">
        <test-method is-config="true" signature="beforeSuite()[pri:0, instance:com.shoppersstack_testScript.Verify_User_Is_Able_To_Delete_Address_Test@618b19ad]" started-at="2024-04-16T08:57:38 IST" name="beforeSuite" finished-at="2024-04-16T08:57:38 IST" duration-ms="59" status="PASS">
          <reporter-output>
          </reporter-output>
        </test-method> <!-- beforeSuite -->
        <test-method is-config="true" signature="beforeTest()[pri:0, instance:com.shoppersstack_testScript.Verify_User_Is_Able_To_Delete_Address_Test@618b19ad]" started-at="2024-04-16T08:57:38 IST" name="beforeTest" finished-at="2024-04-16T08:57:38 IST" duration-ms="9" status="PASS">
          <reporter-output>
          </reporter-output>
        </test-method> <!-- beforeTest -->
        <test-method is-config="true" signature="beforeClass()[pri:0, instance:com.shoppersstack_testScript.Verify_User_Is_Able_To_Delete_Address_Test@618b19ad]" started-at="2024-04-16T08:57:38 IST" name="beforeClass" finished-at="2024-04-16T08:57:45 IST" duration-ms="6838" status="PASS">
          <reporter-output>
          </reporter-output>
        </test-method> <!-- beforeClass -->
        <test-method is-config="true" signature="beforeMethod()[pri:0, instance:com.shoppersstack_testScript.Verify_User_Is_Able_To_Delete_Address_Test@618b19ad]" started-at="2024-04-16T08:57:45 IST" name="beforeMethod" finished-at="2024-04-16T08:57:59 IST" duration-ms="14565" status="PASS">
          <reporter-output>
          </reporter-output>
        </test-method> <!-- beforeMethod -->
        <test-method signature="deleteAdd()[pri:0, instance:com.shoppersstack_testScript.Verify_User_Is_Able_To_Delete_Address_Test@618b19ad]" started-at="2024-04-16T08:57:59 IST" name="deleteAdd" finished-at="2024-04-16T08:58:06 IST" duration-ms="7140" status="PASS">
          <reporter-output>
          </reporter-output>
        </test-method> <!-- deleteAdd -->
        <test-method is-config="true" signature="afterMethod()[pri:0, instance:com.shoppersstack_testScript.Verify_User_Is_Able_To_Delete_Address_Test@618b19ad]" started-at="2024-04-16T08:58:06 IST" name="afterMethod" finished-at="2024-04-16T08:58:06 IST" duration-ms="0" status="PASS">
          <reporter-output>
          </reporter-output>
        </test-method> <!-- afterMethod -->
        <test-method is-config="true" signature="afterClass()[pri:0, instance:com.shoppersstack_testScript.Verify_User_Is_Able_To_Delete_Address_Test@618b19ad]" started-at="2024-04-16T08:58:06 IST" name="afterClass" finished-at="2024-04-16T08:58:11 IST" duration-ms="4235" status="PASS">
          <reporter-output>
          </reporter-output>
        </test-method> <!-- afterClass -->
        <test-method is-config="true" signature="afterTest()[pri:0, instance:com.shoppersstack_testScript.Verify_User_Is_Able_To_Delete_Address_Test@618b19ad]" started-at="2024-04-16T08:58:11 IST" name="afterTest" finished-at="2024-04-16T08:58:11 IST" duration-ms="22" status="PASS">
          <reporter-output>
          </reporter-output>
        </test-method> <!-- afterTest -->
        <test-method is-config="true" signature="afterSuite()[pri:0, instance:com.shoppersstack_testScript.Verify_User_Is_Able_To_Delete_Address_Test@618b19ad]" started-at="2024-04-16T08:58:11 IST" name="afterSuite" finished-at="2024-04-16T08:58:11 IST" duration-ms="0" status="PASS">
          <reporter-output>
          </reporter-output>
        </test-method> <!-- afterSuite -->
      </class> <!-- com.shoppersstack_testScript.Verify_User_Is_Able_To_Delete_Address_Test -->
    </test> <!-- Test -->
  </suite> <!-- Suite -->
</testng-results>
